{"C:\\My Files\\CSStuff\\Codes\\Node.js\\vidly\\index.js": {"path":"C:\\My Files\\CSStuff\\Codes\\Node.js\\vidly\\index.js","statementMap":{"0":{"start":{"line":1,"column":16},"end":{"line":1,"column":34}},"1":{"start":{"line":2,"column":16},"end":{"line":2,"column":34}},"2":{"start":{"line":3,"column":12},"end":{"line":3,"column":21}},"3":{"start":{"line":5,"column":0},"end":{"line":5,"column":31}},"4":{"start":{"line":6,"column":0},"end":{"line":6,"column":33}},"5":{"start":{"line":7,"column":0},"end":{"line":7,"column":26}},"6":{"start":{"line":8,"column":0},"end":{"line":8,"column":34}},"7":{"start":{"line":9,"column":0},"end":{"line":9,"column":31}},"8":{"start":{"line":11,"column":13},"end":{"line":11,"column":37}},"9":{"start":{"line":12,"column":15},"end":{"line":14,"column":1}},"10":{"start":{"line":13,"column":2},"end":{"line":13,"column":46}},"11":{"start":{"line":16,"column":0},"end":{"line":16,"column":24}}},"fnMap":{"0":{"name":"(anonymous_0)","decl":{"start":{"line":12,"column":32},"end":{"line":12,"column":33}},"loc":{"start":{"line":13,"column":2},"end":{"line":13,"column":46}},"line":13}},"branchMap":{"0":{"loc":{"start":{"line":11,"column":13},"end":{"line":11,"column":37}},"type":"binary-expr","locations":[{"start":{"line":11,"column":13},"end":{"line":11,"column":29}},{"start":{"line":11,"column":33},"end":{"line":11,"column":37}}],"line":11}},"s":{"0":3,"1":3,"2":3,"3":3,"4":3,"5":3,"6":3,"7":3,"8":3,"9":3,"10":3,"11":3},"f":{"0":3},"b":{"0":[3,3]},"_coverageSchema":"1a1c01bbd47fc00a2c39e90264f33305004495a9","hash":"03e28c7657fd9b01dc68b8812313021df38419f7"}
,"C:\\My Files\\CSStuff\\Codes\\Node.js\\vidly\\middleware\\admin.js": {"path":"C:\\My Files\\CSStuff\\Codes\\Node.js\\vidly\\middleware\\admin.js","statementMap":{"0":{"start":{"line":1,"column":0},"end":{"line":4,"column":2}},"1":{"start":{"line":2,"column":2},"end":{"line":2,"column":71}},"2":{"start":{"line":2,"column":25},"end":{"line":2,"column":71}},"3":{"start":{"line":3,"column":2},"end":{"line":3,"column":9}}},"fnMap":{"0":{"name":"(anonymous_0)","decl":{"start":{"line":1,"column":17},"end":{"line":1,"column":18}},"loc":{"start":{"line":1,"column":43},"end":{"line":4,"column":1}},"line":1}},"branchMap":{"0":{"loc":{"start":{"line":2,"column":2},"end":{"line":2,"column":71}},"type":"if","locations":[{"start":{"line":2,"column":2},"end":{"line":2,"column":71}},{"start":{},"end":{}}],"line":2}},"s":{"0":3,"1":5,"2":1,"3":4},"f":{"0":5},"b":{"0":[1,4]},"_coverageSchema":"1a1c01bbd47fc00a2c39e90264f33305004495a9","hash":"2facd7ee61a29af67da5296c2ce39741429120f2"}
,"C:\\My Files\\CSStuff\\Codes\\Node.js\\vidly\\middleware\\auth.js": {"path":"C:\\My Files\\CSStuff\\Codes\\Node.js\\vidly\\middleware\\auth.js","statementMap":{"0":{"start":{"line":1,"column":12},"end":{"line":1,"column":35}},"1":{"start":{"line":3,"column":0},"end":{"line":14,"column":2}},"2":{"start":{"line":4,"column":16},"end":{"line":4,"column":42}},"3":{"start":{"line":5,"column":2},"end":{"line":5,"column":79}},"4":{"start":{"line":5,"column":14},"end":{"line":5,"column":79}},"5":{"start":{"line":7,"column":2},"end":{"line":13,"column":3}},"6":{"start":{"line":8,"column":20},"end":{"line":8,"column":60}},"7":{"start":{"line":9,"column":4},"end":{"line":9,"column":23}},"8":{"start":{"line":10,"column":4},"end":{"line":10,"column":11}},"9":{"start":{"line":12,"column":4},"end":{"line":12,"column":43}}},"fnMap":{"0":{"name":"(anonymous_0)","decl":{"start":{"line":3,"column":17},"end":{"line":3,"column":18}},"loc":{"start":{"line":3,"column":43},"end":{"line":14,"column":1}},"line":3}},"branchMap":{"0":{"loc":{"start":{"line":5,"column":2},"end":{"line":5,"column":79}},"type":"if","locations":[{"start":{"line":5,"column":2},"end":{"line":5,"column":79}},{"start":{},"end":{}}],"line":5}},"s":{"0":4,"1":4,"2":31,"3":31,"4":4,"5":27,"6":27,"7":26,"8":26,"9":1},"f":{"0":31},"b":{"0":[4,27]},"_coverageSchema":"1a1c01bbd47fc00a2c39e90264f33305004495a9","hash":"06935f11cc0f4af34c9ddde5e24e959084dbc1e2"}
,"C:\\My Files\\CSStuff\\Codes\\Node.js\\vidly\\middleware\\error.js": {"path":"C:\\My Files\\CSStuff\\Codes\\Node.js\\vidly\\middleware\\error.js","statementMap":{"0":{"start":{"line":1,"column":16},"end":{"line":1,"column":34}},"1":{"start":{"line":3,"column":0},"end":{"line":6,"column":2}},"2":{"start":{"line":4,"column":2},"end":{"line":4,"column":34}},"3":{"start":{"line":5,"column":2},"end":{"line":5,"column":44}}},"fnMap":{"0":{"name":"(anonymous_0)","decl":{"start":{"line":3,"column":17},"end":{"line":3,"column":18}},"loc":{"start":{"line":3,"column":48},"end":{"line":6,"column":1}},"line":3}},"branchMap":{},"s":{"0":3,"1":3,"2":0,"3":0},"f":{"0":0},"b":{},"_coverageSchema":"1a1c01bbd47fc00a2c39e90264f33305004495a9","hash":"d8fbcd6fed74f3585c9f1e2b8fa9844171dcc567"}
,"C:\\My Files\\CSStuff\\Codes\\Node.js\\vidly\\middleware\\validate.js": {"path":"C:\\My Files\\CSStuff\\Codes\\Node.js\\vidly\\middleware\\validate.js","statementMap":{"0":{"start":{"line":1,"column":0},"end":{"line":7,"column":2}},"1":{"start":{"line":2,"column":2},"end":{"line":6,"column":4}},"2":{"start":{"line":3,"column":22},"end":{"line":3,"column":41}},"3":{"start":{"line":4,"column":4},"end":{"line":4,"column":69}},"4":{"start":{"line":4,"column":15},"end":{"line":4,"column":69}},"5":{"start":{"line":5,"column":4},"end":{"line":5,"column":11}}},"fnMap":{"0":{"name":"(anonymous_0)","decl":{"start":{"line":1,"column":17},"end":{"line":1,"column":18}},"loc":{"start":{"line":1,"column":32},"end":{"line":7,"column":1}},"line":1},"1":{"name":"(anonymous_1)","decl":{"start":{"line":2,"column":9},"end":{"line":2,"column":10}},"loc":{"start":{"line":2,"column":29},"end":{"line":6,"column":3}},"line":2}},"branchMap":{"0":{"loc":{"start":{"line":4,"column":4},"end":{"line":4,"column":69}},"type":"if","locations":[{"start":{"line":4,"column":4},"end":{"line":4,"column":69}},{"start":{},"end":{}}],"line":4}},"s":{"0":3,"1":30,"2":19,"3":19,"4":6,"5":13},"f":{"0":30,"1":19},"b":{"0":[6,13]},"_coverageSchema":"1a1c01bbd47fc00a2c39e90264f33305004495a9","hash":"3af637eb4aea621c48646904ddb5189eec8571d4"}
,"C:\\My Files\\CSStuff\\Codes\\Node.js\\vidly\\middleware\\validateObjectId.js": {"path":"C:\\My Files\\CSStuff\\Codes\\Node.js\\vidly\\middleware\\validateObjectId.js","statementMap":{"0":{"start":{"line":1,"column":17},"end":{"line":1,"column":36}},"1":{"start":{"line":3,"column":0},"end":{"line":8,"column":2}},"2":{"start":{"line":4,"column":2},"end":{"line":5,"column":47}},"3":{"start":{"line":5,"column":4},"end":{"line":5,"column":47}},"4":{"start":{"line":7,"column":2},"end":{"line":7,"column":9}}},"fnMap":{"0":{"name":"(anonymous_0)","decl":{"start":{"line":3,"column":17},"end":{"line":3,"column":18}},"loc":{"start":{"line":3,"column":43},"end":{"line":8,"column":1}},"line":3}},"branchMap":{"0":{"loc":{"start":{"line":4,"column":2},"end":{"line":5,"column":47}},"type":"if","locations":[{"start":{"line":4,"column":2},"end":{"line":5,"column":47}},{"start":{},"end":{}}],"line":4}},"s":{"0":3,"1":3,"2":13,"3":3,"4":10},"f":{"0":13},"b":{"0":[3,10]},"_coverageSchema":"1a1c01bbd47fc00a2c39e90264f33305004495a9","hash":"1d33314449199a7db7b07b570f518631ea3410a6"}
,"C:\\My Files\\CSStuff\\Codes\\Node.js\\vidly\\models\\customer.js": {"path":"C:\\My Files\\CSStuff\\Codes\\Node.js\\vidly\\models\\customer.js","statementMap":{"0":{"start":{"line":1,"column":12},"end":{"line":1,"column":26}},"1":{"start":{"line":2,"column":17},"end":{"line":2,"column":36}},"2":{"start":{"line":4,"column":17},"end":{"line":24,"column":1}},"3":{"start":{"line":27,"column":17},"end":{"line":31,"column":3}},"4":{"start":{"line":33,"column":2},"end":{"line":33,"column":40}},"5":{"start":{"line":36,"column":0},"end":{"line":36,"column":28}},"6":{"start":{"line":37,"column":0},"end":{"line":37,"column":44}}},"fnMap":{"0":{"name":"validateCustomer","decl":{"start":{"line":26,"column":9},"end":{"line":26,"column":25}},"loc":{"start":{"line":26,"column":36},"end":{"line":34,"column":1}},"line":26}},"branchMap":{},"s":{"0":3,"1":3,"2":3,"3":0,"4":0,"5":3,"6":3},"f":{"0":0},"b":{},"_coverageSchema":"1a1c01bbd47fc00a2c39e90264f33305004495a9","hash":"697c9655410099e2c61b10090c88fdaac83d4a14"}
,"C:\\My Files\\CSStuff\\Codes\\Node.js\\vidly\\models\\genre.js": {"path":"C:\\My Files\\CSStuff\\Codes\\Node.js\\vidly\\models\\genre.js","statementMap":{"0":{"start":{"line":1,"column":12},"end":{"line":1,"column":26}},"1":{"start":{"line":2,"column":17},"end":{"line":2,"column":36}},"2":{"start":{"line":4,"column":20},"end":{"line":11,"column":2}},"3":{"start":{"line":13,"column":14},"end":{"line":13,"column":50}},"4":{"start":{"line":16,"column":17},"end":{"line":18,"column":3}},"5":{"start":{"line":20,"column":2},"end":{"line":20,"column":37}},"6":{"start":{"line":23,"column":0},"end":{"line":23,"column":34}},"7":{"start":{"line":24,"column":0},"end":{"line":24,"column":22}},"8":{"start":{"line":25,"column":0},"end":{"line":25,"column":38}}},"fnMap":{"0":{"name":"validateGenre","decl":{"start":{"line":15,"column":9},"end":{"line":15,"column":22}},"loc":{"start":{"line":15,"column":30},"end":{"line":21,"column":1}},"line":15}},"branchMap":{},"s":{"0":3,"1":3,"2":3,"3":3,"4":10,"5":10,"6":3,"7":3,"8":3},"f":{"0":10},"b":{},"_coverageSchema":"1a1c01bbd47fc00a2c39e90264f33305004495a9","hash":"be470314741ec979342ce783d5a70e46f27d5040"}
,"C:\\My Files\\CSStuff\\Codes\\Node.js\\vidly\\models\\movie.js": {"path":"C:\\My Files\\CSStuff\\Codes\\Node.js\\vidly\\models\\movie.js","statementMap":{"0":{"start":{"line":1,"column":12},"end":{"line":1,"column":26}},"1":{"start":{"line":2,"column":17},"end":{"line":2,"column":36}},"2":{"start":{"line":3,"column":22},"end":{"line":3,"column":40}},"3":{"start":{"line":5,"column":14},"end":{"line":29,"column":3}},"4":{"start":{"line":32,"column":17},"end":{"line":37,"column":3}},"5":{"start":{"line":39,"column":2},"end":{"line":39,"column":37}},"6":{"start":{"line":42,"column":0},"end":{"line":42,"column":22}},"7":{"start":{"line":43,"column":0},"end":{"line":43,"column":38}}},"fnMap":{"0":{"name":"validateMovie","decl":{"start":{"line":31,"column":9},"end":{"line":31,"column":22}},"loc":{"start":{"line":31,"column":30},"end":{"line":40,"column":1}},"line":31}},"branchMap":{},"s":{"0":3,"1":3,"2":3,"3":3,"4":0,"5":0,"6":3,"7":3},"f":{"0":0},"b":{},"_coverageSchema":"1a1c01bbd47fc00a2c39e90264f33305004495a9","hash":"fe65f118f217b15726fb6788c1b9d2ef76e71844"}
,"C:\\My Files\\CSStuff\\Codes\\Node.js\\vidly\\models\\rental.js": {"path":"C:\\My Files\\CSStuff\\Codes\\Node.js\\vidly\\models\\rental.js","statementMap":{"0":{"start":{"line":1,"column":12},"end":{"line":1,"column":28}},"1":{"start":{"line":2,"column":15},"end":{"line":2,"column":32}},"2":{"start":{"line":3,"column":17},"end":{"line":3,"column":36}},"3":{"start":{"line":5,"column":21},"end":{"line":57,"column":2}},"4":{"start":{"line":59,"column":0},"end":{"line":64,"column":2}},"5":{"start":{"line":60,"column":2},"end":{"line":63,"column":5}},"6":{"start":{"line":66,"column":0},"end":{"line":71,"column":2}},"7":{"start":{"line":67,"column":2},"end":{"line":67,"column":33}},"8":{"start":{"line":69,"column":21},"end":{"line":69,"column":56}},"9":{"start":{"line":70,"column":2},"end":{"line":70,"column":59}},"10":{"start":{"line":73,"column":15},"end":{"line":73,"column":53}},"11":{"start":{"line":76,"column":17},"end":{"line":79,"column":3}},"12":{"start":{"line":81,"column":2},"end":{"line":81,"column":38}},"13":{"start":{"line":84,"column":0},"end":{"line":84,"column":24}},"14":{"start":{"line":85,"column":0},"end":{"line":85,"column":40}}},"fnMap":{"0":{"name":"(anonymous_0)","decl":{"start":{"line":59,"column":30},"end":{"line":59,"column":31}},"loc":{"start":{"line":59,"column":61},"end":{"line":64,"column":1}},"line":59},"1":{"name":"(anonymous_1)","decl":{"start":{"line":66,"column":30},"end":{"line":66,"column":31}},"loc":{"start":{"line":66,"column":42},"end":{"line":71,"column":1}},"line":66},"2":{"name":"validateRental","decl":{"start":{"line":75,"column":9},"end":{"line":75,"column":23}},"loc":{"start":{"line":75,"column":32},"end":{"line":82,"column":1}},"line":75}},"branchMap":{},"s":{"0":3,"1":3,"2":3,"3":3,"4":3,"5":7,"6":3,"7":5,"8":5,"9":5,"10":3,"11":0,"12":0,"13":3,"14":3},"f":{"0":7,"1":5,"2":0},"b":{},"_coverageSchema":"1a1c01bbd47fc00a2c39e90264f33305004495a9","hash":"c3c973887b747545f89cf89a1f9089e39d07aae0"}
,"C:\\My Files\\CSStuff\\Codes\\Node.js\\vidly\\models\\user.js": {"path":"C:\\My Files\\CSStuff\\Codes\\Node.js\\vidly\\models\\user.js","statementMap":{"0":{"start":{"line":1,"column":12},"end":{"line":1,"column":26}},"1":{"start":{"line":2,"column":12},"end":{"line":2,"column":35}},"2":{"start":{"line":3,"column":17},"end":{"line":3,"column":36}},"3":{"start":{"line":5,"column":19},"end":{"line":28,"column":2}},"4":{"start":{"line":30,"column":0},"end":{"line":36,"column":2}},"5":{"start":{"line":31,"column":16},"end":{"line":34,"column":3}},"6":{"start":{"line":35,"column":2},"end":{"line":35,"column":15}},"7":{"start":{"line":38,"column":13},"end":{"line":38,"column":47}},"8":{"start":{"line":41,"column":17},"end":{"line":45,"column":3}},"9":{"start":{"line":47,"column":2},"end":{"line":47,"column":36}},"10":{"start":{"line":50,"column":0},"end":{"line":50,"column":20}},"11":{"start":{"line":51,"column":0},"end":{"line":51,"column":36}}},"fnMap":{"0":{"name":"(anonymous_0)","decl":{"start":{"line":30,"column":39},"end":{"line":30,"column":40}},"loc":{"start":{"line":30,"column":51},"end":{"line":36,"column":1}},"line":30},"1":{"name":"validateUser","decl":{"start":{"line":40,"column":9},"end":{"line":40,"column":21}},"loc":{"start":{"line":40,"column":28},"end":{"line":48,"column":1}},"line":40}},"branchMap":{},"s":{"0":5,"1":5,"2":5,"3":5,"4":5,"5":34,"6":34,"7":5,"8":0,"9":0,"10":5,"11":5},"f":{"0":34,"1":0},"b":{},"_coverageSchema":"1a1c01bbd47fc00a2c39e90264f33305004495a9","hash":"1fe1d7cd489033005bd8e7dbfd621872ed6a7c38"}
,"C:\\My Files\\CSStuff\\Codes\\Node.js\\vidly\\routes\\auth.js": {"path":"C:\\My Files\\CSStuff\\Codes\\Node.js\\vidly\\routes\\auth.js","statementMap":{"0":{"start":{"line":1,"column":12},"end":{"line":1,"column":26}},"1":{"start":{"line":2,"column":10},"end":{"line":2,"column":27}},"2":{"start":{"line":3,"column":15},"end":{"line":3,"column":32}},"3":{"start":{"line":4,"column":16},"end":{"line":4,"column":34}},"4":{"start":{"line":5,"column":17},"end":{"line":5,"column":36}},"5":{"start":{"line":6,"column":17},"end":{"line":6,"column":42}},"6":{"start":{"line":7,"column":17},"end":{"line":7,"column":50}},"7":{"start":{"line":8,"column":15},"end":{"line":8,"column":31}},"8":{"start":{"line":10,"column":0},"end":{"line":19,"column":3}},"9":{"start":{"line":11,"column":13},"end":{"line":11,"column":58}},"10":{"start":{"line":12,"column":2},"end":{"line":12,"column":71}},"11":{"start":{"line":12,"column":13},"end":{"line":12,"column":71}},"12":{"start":{"line":14,"column":24},"end":{"line":14,"column":78}},"13":{"start":{"line":15,"column":2},"end":{"line":15,"column":80}},"14":{"start":{"line":15,"column":22},"end":{"line":15,"column":80}},"15":{"start":{"line":17,"column":16},"end":{"line":17,"column":40}},"16":{"start":{"line":18,"column":2},"end":{"line":18,"column":18}},"17":{"start":{"line":22,"column":17},"end":{"line":25,"column":3}},"18":{"start":{"line":27,"column":2},"end":{"line":27,"column":35}},"19":{"start":{"line":30,"column":0},"end":{"line":30,"column":24}}},"fnMap":{"0":{"name":"(anonymous_0)","decl":{"start":{"line":10,"column":41},"end":{"line":10,"column":42}},"loc":{"start":{"line":10,"column":61},"end":{"line":19,"column":1}},"line":10},"1":{"name":"validateAuth","decl":{"start":{"line":21,"column":9},"end":{"line":21,"column":21}},"loc":{"start":{"line":21,"column":27},"end":{"line":28,"column":1}},"line":21}},"branchMap":{"0":{"loc":{"start":{"line":12,"column":2},"end":{"line":12,"column":71}},"type":"if","locations":[{"start":{"line":12,"column":2},"end":{"line":12,"column":71}},{"start":{},"end":{}}],"line":12},"1":{"loc":{"start":{"line":15,"column":2},"end":{"line":15,"column":80}},"type":"if","locations":[{"start":{"line":15,"column":2},"end":{"line":15,"column":80}},{"start":{},"end":{}}],"line":15}},"s":{"0":3,"1":3,"2":3,"3":3,"4":3,"5":3,"6":3,"7":3,"8":3,"9":0,"10":0,"11":0,"12":0,"13":0,"14":0,"15":0,"16":0,"17":0,"18":0,"19":3},"f":{"0":0,"1":0},"b":{"0":[0,0],"1":[0,0]},"_coverageSchema":"1a1c01bbd47fc00a2c39e90264f33305004495a9","hash":"049753bb971efb5d03dc6b54e00b400c66e7064a"}
,"C:\\My Files\\CSStuff\\Codes\\Node.js\\vidly\\routes\\customers.js": {"path":"C:\\My Files\\CSStuff\\Codes\\Node.js\\vidly\\routes\\customers.js","statementMap":{"0":{"start":{"line":1,"column":17},"end":{"line":1,"column":36}},"1":{"start":{"line":2,"column":16},"end":{"line":2,"column":34}},"2":{"start":{"line":3,"column":15},"end":{"line":3,"column":31}},"3":{"start":{"line":4,"column":17},"end":{"line":4,"column":50}},"4":{"start":{"line":5,"column":39},"end":{"line":5,"column":68}},"5":{"start":{"line":7,"column":0},"end":{"line":10,"column":3}},"6":{"start":{"line":8,"column":20},"end":{"line":8,"column":54}},"7":{"start":{"line":9,"column":2},"end":{"line":9,"column":22}},"8":{"start":{"line":12,"column":0},"end":{"line":21,"column":3}},"9":{"start":{"line":13,"column":17},"end":{"line":17,"column":4}},"10":{"start":{"line":18,"column":2},"end":{"line":18,"column":35}},"11":{"start":{"line":20,"column":2},"end":{"line":20,"column":21}},"12":{"start":{"line":23,"column":0},"end":{"line":40,"column":3}},"13":{"start":{"line":24,"column":19},"end":{"line":32,"column":3}},"14":{"start":{"line":34,"column":2},"end":{"line":37,"column":61}},"15":{"start":{"line":35,"column":4},"end":{"line":37,"column":61}},"16":{"start":{"line":39,"column":2},"end":{"line":39,"column":21}},"17":{"start":{"line":42,"column":0},"end":{"line":51,"column":3}},"18":{"start":{"line":43,"column":19},"end":{"line":43,"column":66}},"19":{"start":{"line":45,"column":2},"end":{"line":48,"column":61}},"20":{"start":{"line":46,"column":4},"end":{"line":48,"column":61}},"21":{"start":{"line":50,"column":2},"end":{"line":50,"column":21}},"22":{"start":{"line":53,"column":0},"end":{"line":62,"column":3}},"23":{"start":{"line":54,"column":19},"end":{"line":54,"column":57}},"24":{"start":{"line":56,"column":2},"end":{"line":59,"column":61}},"25":{"start":{"line":57,"column":4},"end":{"line":59,"column":61}},"26":{"start":{"line":61,"column":2},"end":{"line":61,"column":21}},"27":{"start":{"line":64,"column":0},"end":{"line":64,"column":24}}},"fnMap":{"0":{"name":"(anonymous_0)","decl":{"start":{"line":7,"column":16},"end":{"line":7,"column":17}},"loc":{"start":{"line":7,"column":36},"end":{"line":10,"column":1}},"line":7},"1":{"name":"(anonymous_1)","decl":{"start":{"line":12,"column":45},"end":{"line":12,"column":46}},"loc":{"start":{"line":12,"column":65},"end":{"line":21,"column":1}},"line":12},"2":{"name":"(anonymous_2)","decl":{"start":{"line":23,"column":47},"end":{"line":23,"column":48}},"loc":{"start":{"line":23,"column":67},"end":{"line":40,"column":1}},"line":23},"3":{"name":"(anonymous_3)","decl":{"start":{"line":42,"column":22},"end":{"line":42,"column":23}},"loc":{"start":{"line":42,"column":42},"end":{"line":51,"column":1}},"line":42},"4":{"name":"(anonymous_4)","decl":{"start":{"line":53,"column":19},"end":{"line":53,"column":20}},"loc":{"start":{"line":53,"column":39},"end":{"line":62,"column":1}},"line":53}},"branchMap":{"0":{"loc":{"start":{"line":34,"column":2},"end":{"line":37,"column":61}},"type":"if","locations":[{"start":{"line":34,"column":2},"end":{"line":37,"column":61}},{"start":{},"end":{}}],"line":34},"1":{"loc":{"start":{"line":45,"column":2},"end":{"line":48,"column":61}},"type":"if","locations":[{"start":{"line":45,"column":2},"end":{"line":48,"column":61}},{"start":{},"end":{}}],"line":45},"2":{"loc":{"start":{"line":56,"column":2},"end":{"line":59,"column":61}},"type":"if","locations":[{"start":{"line":56,"column":2},"end":{"line":59,"column":61}},{"start":{},"end":{}}],"line":56}},"s":{"0":3,"1":3,"2":3,"3":3,"4":3,"5":3,"6":0,"7":0,"8":3,"9":0,"10":0,"11":0,"12":3,"13":0,"14":0,"15":0,"16":0,"17":3,"18":0,"19":0,"20":0,"21":0,"22":3,"23":0,"24":0,"25":0,"26":0,"27":3},"f":{"0":0,"1":0,"2":0,"3":0,"4":0},"b":{"0":[0,0],"1":[0,0],"2":[0,0]},"_coverageSchema":"1a1c01bbd47fc00a2c39e90264f33305004495a9","hash":"66ff49953c1ffada214d93875194012f69054fb5"}
,"C:\\My Files\\CSStuff\\Codes\\Node.js\\vidly\\routes\\genres.js": {"path":"C:\\My Files\\CSStuff\\Codes\\Node.js\\vidly\\routes\\genres.js","statementMap":{"0":{"start":{"line":1,"column":25},"end":{"line":1,"column":66}},"1":{"start":{"line":2,"column":13},"end":{"line":2,"column":42}},"2":{"start":{"line":3,"column":14},"end":{"line":3,"column":44}},"3":{"start":{"line":4,"column":17},"end":{"line":4,"column":50}},"4":{"start":{"line":5,"column":33},"end":{"line":5,"column":59}},"5":{"start":{"line":6,"column":17},"end":{"line":6,"column":36}},"6":{"start":{"line":7,"column":16},"end":{"line":7,"column":34}},"7":{"start":{"line":8,"column":15},"end":{"line":8,"column":31}},"8":{"start":{"line":10,"column":0},"end":{"line":13,"column":3}},"9":{"start":{"line":11,"column":17},"end":{"line":11,"column":48}},"10":{"start":{"line":12,"column":2},"end":{"line":12,"column":19}},"11":{"start":{"line":15,"column":0},"end":{"line":20,"column":3}},"12":{"start":{"line":16,"column":14},"end":{"line":16,"column":48}},"13":{"start":{"line":17,"column":2},"end":{"line":17,"column":29}},"14":{"start":{"line":19,"column":2},"end":{"line":19,"column":18}},"15":{"start":{"line":22,"column":0},"end":{"line":39,"column":2}},"16":{"start":{"line":26,"column":18},"end":{"line":32,"column":5}},"17":{"start":{"line":34,"column":4},"end":{"line":35,"column":80}},"18":{"start":{"line":35,"column":6},"end":{"line":35,"column":80}},"19":{"start":{"line":37,"column":4},"end":{"line":37,"column":20}},"20":{"start":{"line":41,"column":0},"end":{"line":48,"column":3}},"21":{"start":{"line":42,"column":16},"end":{"line":42,"column":60}},"22":{"start":{"line":44,"column":2},"end":{"line":45,"column":78}},"23":{"start":{"line":45,"column":4},"end":{"line":45,"column":78}},"24":{"start":{"line":47,"column":2},"end":{"line":47,"column":18}},"25":{"start":{"line":50,"column":0},"end":{"line":57,"column":3}},"26":{"start":{"line":51,"column":16},"end":{"line":51,"column":51}},"27":{"start":{"line":53,"column":2},"end":{"line":54,"column":78}},"28":{"start":{"line":54,"column":4},"end":{"line":54,"column":78}},"29":{"start":{"line":56,"column":2},"end":{"line":56,"column":18}},"30":{"start":{"line":59,"column":0},"end":{"line":59,"column":24}}},"fnMap":{"0":{"name":"(anonymous_0)","decl":{"start":{"line":10,"column":16},"end":{"line":10,"column":17}},"loc":{"start":{"line":10,"column":36},"end":{"line":13,"column":1}},"line":10},"1":{"name":"(anonymous_1)","decl":{"start":{"line":15,"column":50},"end":{"line":15,"column":51}},"loc":{"start":{"line":15,"column":70},"end":{"line":20,"column":1}},"line":15},"2":{"name":"(anonymous_2)","decl":{"start":{"line":25,"column":2},"end":{"line":25,"column":3}},"loc":{"start":{"line":25,"column":22},"end":{"line":38,"column":3}},"line":25},"3":{"name":"(anonymous_3)","decl":{"start":{"line":41,"column":55},"end":{"line":41,"column":56}},"loc":{"start":{"line":41,"column":75},"end":{"line":48,"column":1}},"line":41},"4":{"name":"(anonymous_4)","decl":{"start":{"line":50,"column":37},"end":{"line":50,"column":38}},"loc":{"start":{"line":50,"column":57},"end":{"line":57,"column":1}},"line":50}},"branchMap":{"0":{"loc":{"start":{"line":34,"column":4},"end":{"line":35,"column":80}},"type":"if","locations":[{"start":{"line":34,"column":4},"end":{"line":35,"column":80}},{"start":{},"end":{}}],"line":34},"1":{"loc":{"start":{"line":44,"column":2},"end":{"line":45,"column":78}},"type":"if","locations":[{"start":{"line":44,"column":2},"end":{"line":45,"column":78}},{"start":{},"end":{}}],"line":44},"2":{"loc":{"start":{"line":53,"column":2},"end":{"line":54,"column":78}},"type":"if","locations":[{"start":{"line":53,"column":2},"end":{"line":54,"column":78}},{"start":{},"end":{}}],"line":53}},"s":{"0":3,"1":3,"2":3,"3":3,"4":3,"5":3,"6":3,"7":3,"8":3,"9":1,"10":1,"11":3,"12":3,"13":3,"14":3,"15":3,"16":3,"17":3,"18":1,"19":2,"20":3,"21":3,"22":3,"23":1,"24":2,"25":3,"26":2,"27":2,"28":1,"29":1,"30":3},"f":{"0":1,"1":3,"2":3,"3":3,"4":2},"b":{"0":[1,2],"1":[1,2],"2":[1,1]},"_coverageSchema":"1a1c01bbd47fc00a2c39e90264f33305004495a9","hash":"6ed6714b1c83b7e4e0104ecc2cdf16f133079eff"}
,"C:\\My Files\\CSStuff\\Codes\\Node.js\\vidly\\routes\\movies.js": {"path":"C:\\My Files\\CSStuff\\Codes\\Node.js\\vidly\\routes\\movies.js","statementMap":{"0":{"start":{"line":1,"column":17},"end":{"line":1,"column":36}},"1":{"start":{"line":2,"column":16},"end":{"line":2,"column":34}},"2":{"start":{"line":3,"column":15},"end":{"line":3,"column":31}},"3":{"start":{"line":4,"column":17},"end":{"line":4,"column":50}},"4":{"start":{"line":5,"column":33},"end":{"line":5,"column":59}},"5":{"start":{"line":6,"column":18},"end":{"line":6,"column":44}},"6":{"start":{"line":8,"column":0},"end":{"line":11,"column":3}},"7":{"start":{"line":9,"column":17},"end":{"line":9,"column":48}},"8":{"start":{"line":10,"column":2},"end":{"line":10,"column":19}},"9":{"start":{"line":13,"column":0},"end":{"line":29,"column":3}},"10":{"start":{"line":14,"column":16},"end":{"line":14,"column":54}},"11":{"start":{"line":15,"column":2},"end":{"line":15,"column":60}},"12":{"start":{"line":15,"column":14},"end":{"line":15,"column":60}},"13":{"start":{"line":17,"column":16},"end":{"line":25,"column":4}},"14":{"start":{"line":26,"column":2},"end":{"line":26,"column":21}},"15":{"start":{"line":28,"column":2},"end":{"line":28,"column":18}},"16":{"start":{"line":31,"column":0},"end":{"line":53,"column":3}},"17":{"start":{"line":32,"column":16},"end":{"line":32,"column":54}},"18":{"start":{"line":33,"column":2},"end":{"line":33,"column":60}},"19":{"start":{"line":33,"column":14},"end":{"line":33,"column":60}},"20":{"start":{"line":35,"column":16},"end":{"line":47,"column":3}},"21":{"start":{"line":49,"column":2},"end":{"line":50,"column":78}},"22":{"start":{"line":50,"column":4},"end":{"line":50,"column":78}},"23":{"start":{"line":52,"column":2},"end":{"line":52,"column":18}},"24":{"start":{"line":55,"column":0},"end":{"line":62,"column":3}},"25":{"start":{"line":56,"column":16},"end":{"line":56,"column":60}},"26":{"start":{"line":58,"column":2},"end":{"line":59,"column":78}},"27":{"start":{"line":59,"column":4},"end":{"line":59,"column":78}},"28":{"start":{"line":61,"column":2},"end":{"line":61,"column":18}},"29":{"start":{"line":64,"column":0},"end":{"line":71,"column":3}},"30":{"start":{"line":65,"column":16},"end":{"line":65,"column":51}},"31":{"start":{"line":67,"column":2},"end":{"line":68,"column":78}},"32":{"start":{"line":68,"column":4},"end":{"line":68,"column":78}},"33":{"start":{"line":70,"column":2},"end":{"line":70,"column":18}},"34":{"start":{"line":73,"column":0},"end":{"line":73,"column":24}}},"fnMap":{"0":{"name":"(anonymous_0)","decl":{"start":{"line":8,"column":16},"end":{"line":8,"column":17}},"loc":{"start":{"line":8,"column":36},"end":{"line":11,"column":1}},"line":8},"1":{"name":"(anonymous_1)","decl":{"start":{"line":13,"column":42},"end":{"line":13,"column":43}},"loc":{"start":{"line":13,"column":62},"end":{"line":29,"column":1}},"line":13},"2":{"name":"(anonymous_2)","decl":{"start":{"line":31,"column":44},"end":{"line":31,"column":45}},"loc":{"start":{"line":31,"column":64},"end":{"line":53,"column":1}},"line":31},"3":{"name":"(anonymous_3)","decl":{"start":{"line":55,"column":22},"end":{"line":55,"column":23}},"loc":{"start":{"line":55,"column":42},"end":{"line":62,"column":1}},"line":55},"4":{"name":"(anonymous_4)","decl":{"start":{"line":64,"column":19},"end":{"line":64,"column":20}},"loc":{"start":{"line":64,"column":39},"end":{"line":71,"column":1}},"line":64}},"branchMap":{"0":{"loc":{"start":{"line":15,"column":2},"end":{"line":15,"column":60}},"type":"if","locations":[{"start":{"line":15,"column":2},"end":{"line":15,"column":60}},{"start":{},"end":{}}],"line":15},"1":{"loc":{"start":{"line":33,"column":2},"end":{"line":33,"column":60}},"type":"if","locations":[{"start":{"line":33,"column":2},"end":{"line":33,"column":60}},{"start":{},"end":{}}],"line":33},"2":{"loc":{"start":{"line":49,"column":2},"end":{"line":50,"column":78}},"type":"if","locations":[{"start":{"line":49,"column":2},"end":{"line":50,"column":78}},{"start":{},"end":{}}],"line":49},"3":{"loc":{"start":{"line":58,"column":2},"end":{"line":59,"column":78}},"type":"if","locations":[{"start":{"line":58,"column":2},"end":{"line":59,"column":78}},{"start":{},"end":{}}],"line":58},"4":{"loc":{"start":{"line":67,"column":2},"end":{"line":68,"column":78}},"type":"if","locations":[{"start":{"line":67,"column":2},"end":{"line":68,"column":78}},{"start":{},"end":{}}],"line":67}},"s":{"0":3,"1":3,"2":3,"3":3,"4":3,"5":3,"6":3,"7":0,"8":0,"9":3,"10":0,"11":0,"12":0,"13":0,"14":0,"15":0,"16":3,"17":0,"18":0,"19":0,"20":0,"21":0,"22":0,"23":0,"24":3,"25":0,"26":0,"27":0,"28":0,"29":3,"30":0,"31":0,"32":0,"33":0,"34":3},"f":{"0":0,"1":0,"2":0,"3":0,"4":0},"b":{"0":[0,0],"1":[0,0],"2":[0,0],"3":[0,0],"4":[0,0]},"_coverageSchema":"1a1c01bbd47fc00a2c39e90264f33305004495a9","hash":"c27ed5ce2fc63663d44a1bcba5a8c508e57e66c7"}
,"C:\\My Files\\CSStuff\\Codes\\Node.js\\vidly\\routes\\rentals.js": {"path":"C:\\My Files\\CSStuff\\Codes\\Node.js\\vidly\\routes\\rentals.js","statementMap":{"0":{"start":{"line":1,"column":13},"end":{"line":1,"column":28}},"1":{"start":{"line":2,"column":17},"end":{"line":2,"column":36}},"2":{"start":{"line":3,"column":16},"end":{"line":3,"column":34}},"3":{"start":{"line":4,"column":15},"end":{"line":4,"column":31}},"4":{"start":{"line":5,"column":17},"end":{"line":5,"column":50}},"5":{"start":{"line":6,"column":18},"end":{"line":6,"column":44}},"6":{"start":{"line":7,"column":21},"end":{"line":7,"column":50}},"7":{"start":{"line":8,"column":35},"end":{"line":8,"column":62}},"8":{"start":{"line":10,"column":0},"end":{"line":10,"column":20}},"9":{"start":{"line":12,"column":0},"end":{"line":15,"column":3}},"10":{"start":{"line":13,"column":18},"end":{"line":13,"column":54}},"11":{"start":{"line":14,"column":2},"end":{"line":14,"column":20}},"12":{"start":{"line":17,"column":0},"end":{"line":56,"column":3}},"13":{"start":{"line":18,"column":19},"end":{"line":18,"column":63}},"14":{"start":{"line":19,"column":2},"end":{"line":19,"column":66}},"15":{"start":{"line":19,"column":17},"end":{"line":19,"column":66}},"16":{"start":{"line":21,"column":16},"end":{"line":21,"column":54}},"17":{"start":{"line":22,"column":2},"end":{"line":22,"column":60}},"18":{"start":{"line":22,"column":14},"end":{"line":22,"column":60}},"19":{"start":{"line":24,"column":2},"end":{"line":25,"column":55}},"20":{"start":{"line":25,"column":4},"end":{"line":25,"column":55}},"21":{"start":{"line":27,"column":15},"end":{"line":38,"column":4}},"22":{"start":{"line":40,"column":2},"end":{"line":55,"column":3}},"23":{"start":{"line":41,"column":4},"end":{"line":50,"column":13}},"24":{"start":{"line":52,"column":4},"end":{"line":52,"column":21}},"25":{"start":{"line":54,"column":4},"end":{"line":54,"column":46}},"26":{"start":{"line":58,"column":0},"end":{"line":65,"column":3}},"27":{"start":{"line":59,"column":17},"end":{"line":59,"column":53}},"28":{"start":{"line":61,"column":2},"end":{"line":62,"column":79}},"29":{"start":{"line":62,"column":4},"end":{"line":62,"column":79}},"30":{"start":{"line":64,"column":2},"end":{"line":64,"column":19}},"31":{"start":{"line":67,"column":0},"end":{"line":67,"column":24}}},"fnMap":{"0":{"name":"(anonymous_0)","decl":{"start":{"line":12,"column":16},"end":{"line":12,"column":17}},"loc":{"start":{"line":12,"column":36},"end":{"line":15,"column":1}},"line":12},"1":{"name":"(anonymous_1)","decl":{"start":{"line":17,"column":43},"end":{"line":17,"column":44}},"loc":{"start":{"line":17,"column":63},"end":{"line":56,"column":1}},"line":17},"2":{"name":"(anonymous_2)","decl":{"start":{"line":58,"column":19},"end":{"line":58,"column":20}},"loc":{"start":{"line":58,"column":39},"end":{"line":65,"column":1}},"line":58}},"branchMap":{"0":{"loc":{"start":{"line":19,"column":2},"end":{"line":19,"column":66}},"type":"if","locations":[{"start":{"line":19,"column":2},"end":{"line":19,"column":66}},{"start":{},"end":{}}],"line":19},"1":{"loc":{"start":{"line":22,"column":2},"end":{"line":22,"column":60}},"type":"if","locations":[{"start":{"line":22,"column":2},"end":{"line":22,"column":60}},{"start":{},"end":{}}],"line":22},"2":{"loc":{"start":{"line":24,"column":2},"end":{"line":25,"column":55}},"type":"if","locations":[{"start":{"line":24,"column":2},"end":{"line":25,"column":55}},{"start":{},"end":{}}],"line":24},"3":{"loc":{"start":{"line":61,"column":2},"end":{"line":62,"column":79}},"type":"if","locations":[{"start":{"line":61,"column":2},"end":{"line":62,"column":79}},{"start":{},"end":{}}],"line":61}},"s":{"0":3,"1":3,"2":3,"3":3,"4":3,"5":3,"6":3,"7":3,"8":3,"9":3,"10":0,"11":0,"12":3,"13":0,"14":0,"15":0,"16":0,"17":0,"18":0,"19":0,"20":0,"21":0,"22":0,"23":0,"24":0,"25":0,"26":3,"27":0,"28":0,"29":0,"30":0,"31":3},"f":{"0":0,"1":0,"2":0},"b":{"0":[0,0],"1":[0,0],"2":[0,0],"3":[0,0]},"_coverageSchema":"1a1c01bbd47fc00a2c39e90264f33305004495a9","hash":"8c5a1ceb618df9fb1050b273454a1a7e988565d7"}
,"C:\\My Files\\CSStuff\\Codes\\Node.js\\vidly\\routes\\returns.js": {"path":"C:\\My Files\\CSStuff\\Codes\\Node.js\\vidly\\routes\\returns.js","statementMap":{"0":{"start":{"line":1,"column":12},"end":{"line":1,"column":26}},"1":{"start":{"line":2,"column":16},"end":{"line":2,"column":34}},"2":{"start":{"line":3,"column":15},"end":{"line":3,"column":31}},"3":{"start":{"line":4,"column":13},"end":{"line":4,"column":42}},"4":{"start":{"line":5,"column":17},"end":{"line":5,"column":50}},"5":{"start":{"line":6,"column":19},"end":{"line":6,"column":46}},"6":{"start":{"line":7,"column":18},"end":{"line":7,"column":44}},"7":{"start":{"line":9,"column":0},"end":{"line":28,"column":3}},"8":{"start":{"line":10,"column":17},"end":{"line":10,"column":75}},"9":{"start":{"line":12,"column":2},"end":{"line":12,"column":64}},"10":{"start":{"line":12,"column":15},"end":{"line":12,"column":64}},"11":{"start":{"line":14,"column":2},"end":{"line":15,"column":60}},"12":{"start":{"line":15,"column":4},"end":{"line":15,"column":60}},"13":{"start":{"line":17,"column":2},"end":{"line":17,"column":18}},"14":{"start":{"line":18,"column":2},"end":{"line":18,"column":22}},"15":{"start":{"line":20,"column":2},"end":{"line":25,"column":4}},"16":{"start":{"line":27,"column":2},"end":{"line":27,"column":26}},"17":{"start":{"line":31,"column":17},"end":{"line":34,"column":3}},"18":{"start":{"line":36,"column":2},"end":{"line":36,"column":35}},"19":{"start":{"line":39,"column":0},"end":{"line":39,"column":24}}},"fnMap":{"0":{"name":"(anonymous_0)","decl":{"start":{"line":9,"column":51},"end":{"line":9,"column":52}},"loc":{"start":{"line":9,"column":71},"end":{"line":28,"column":1}},"line":9},"1":{"name":"validateReturn","decl":{"start":{"line":30,"column":9},"end":{"line":30,"column":23}},"loc":{"start":{"line":30,"column":29},"end":{"line":37,"column":1}},"line":30}},"branchMap":{"0":{"loc":{"start":{"line":12,"column":2},"end":{"line":12,"column":64}},"type":"if","locations":[{"start":{"line":12,"column":2},"end":{"line":12,"column":64}},{"start":{},"end":{}}],"line":12},"1":{"loc":{"start":{"line":14,"column":2},"end":{"line":15,"column":60}},"type":"if","locations":[{"start":{"line":14,"column":2},"end":{"line":15,"column":60}},{"start":{},"end":{}}],"line":14}},"s":{"0":3,"1":3,"2":3,"3":3,"4":3,"5":3,"6":3,"7":3,"8":7,"9":7,"10":1,"11":6,"12":1,"13":5,"14":5,"15":5,"16":5,"17":9,"18":9,"19":3},"f":{"0":7,"1":9},"b":{"0":[1,6],"1":[1,5]},"_coverageSchema":"1a1c01bbd47fc00a2c39e90264f33305004495a9","hash":"97715a1efeae4284e6266f0f6071b1105a630620"}
,"C:\\My Files\\CSStuff\\Codes\\Node.js\\vidly\\routes\\users.js": {"path":"C:\\My Files\\CSStuff\\Codes\\Node.js\\vidly\\routes\\users.js","statementMap":{"0":{"start":{"line":1,"column":10},"end":{"line":1,"column":27}},"1":{"start":{"line":2,"column":15},"end":{"line":2,"column":32}},"2":{"start":{"line":3,"column":17},"end":{"line":3,"column":36}},"3":{"start":{"line":4,"column":16},"end":{"line":4,"column":34}},"4":{"start":{"line":5,"column":15},"end":{"line":5,"column":31}},"5":{"start":{"line":6,"column":13},"end":{"line":6,"column":42}},"6":{"start":{"line":7,"column":17},"end":{"line":7,"column":50}},"7":{"start":{"line":8,"column":31},"end":{"line":8,"column":56}},"8":{"start":{"line":10,"column":0},"end":{"line":13,"column":3}},"9":{"start":{"line":11,"column":15},"end":{"line":11,"column":68}},"10":{"start":{"line":12,"column":2},"end":{"line":12,"column":17}},"11":{"start":{"line":15,"column":0},"end":{"line":28,"column":3}},"12":{"start":{"line":16,"column":13},"end":{"line":16,"column":58}},"13":{"start":{"line":17,"column":2},"end":{"line":17,"column":68}},"14":{"start":{"line":17,"column":12},"end":{"line":17,"column":68}},"15":{"start":{"line":19,"column":2},"end":{"line":19,"column":67}},"16":{"start":{"line":20,"column":15},"end":{"line":20,"column":39}},"17":{"start":{"line":21,"column":2},"end":{"line":21,"column":57}},"18":{"start":{"line":22,"column":2},"end":{"line":22,"column":20}},"19":{"start":{"line":24,"column":16},"end":{"line":24,"column":40}},"20":{"start":{"line":25,"column":2},"end":{"line":27,"column":50}},"21":{"start":{"line":30,"column":0},"end":{"line":30,"column":24}}},"fnMap":{"0":{"name":"(anonymous_0)","decl":{"start":{"line":10,"column":24},"end":{"line":10,"column":25}},"loc":{"start":{"line":10,"column":44},"end":{"line":13,"column":1}},"line":10},"1":{"name":"(anonymous_1)","decl":{"start":{"line":15,"column":41},"end":{"line":15,"column":42}},"loc":{"start":{"line":15,"column":61},"end":{"line":28,"column":1}},"line":15}},"branchMap":{"0":{"loc":{"start":{"line":17,"column":2},"end":{"line":17,"column":68}},"type":"if","locations":[{"start":{"line":17,"column":2},"end":{"line":17,"column":68}},{"start":{},"end":{}}],"line":17}},"s":{"0":3,"1":3,"2":3,"3":3,"4":3,"5":3,"6":3,"7":3,"8":3,"9":0,"10":0,"11":3,"12":0,"13":0,"14":0,"15":0,"16":0,"17":0,"18":0,"19":0,"20":0,"21":3},"f":{"0":0,"1":0},"b":{"0":[0,0]},"_coverageSchema":"1a1c01bbd47fc00a2c39e90264f33305004495a9","hash":"deb17792193ee83a3ed50331fecbb6724b8c5407"}
,"C:\\My Files\\CSStuff\\Codes\\Node.js\\vidly\\startup\\db.js": {"path":"C:\\My Files\\CSStuff\\Codes\\Node.js\\vidly\\startup\\db.js","statementMap":{"0":{"start":{"line":1,"column":16},"end":{"line":1,"column":34}},"1":{"start":{"line":2,"column":17},"end":{"line":2,"column":36}},"2":{"start":{"line":4,"column":0},"end":{"line":12,"column":2}},"3":{"start":{"line":5,"column":2},"end":{"line":11,"column":57}},"4":{"start":{"line":11,"column":16},"end":{"line":11,"column":55}}},"fnMap":{"0":{"name":"(anonymous_0)","decl":{"start":{"line":4,"column":17},"end":{"line":4,"column":18}},"loc":{"start":{"line":4,"column":29},"end":{"line":12,"column":1}},"line":4},"1":{"name":"(anonymous_1)","decl":{"start":{"line":11,"column":10},"end":{"line":11,"column":11}},"loc":{"start":{"line":11,"column":16},"end":{"line":11,"column":55}},"line":11}},"branchMap":{},"s":{"0":3,"1":3,"2":3,"3":3,"4":3},"f":{"0":3,"1":3},"b":{},"_coverageSchema":"1a1c01bbd47fc00a2c39e90264f33305004495a9","hash":"d205ef280150cb8f7b1cb16e65ce2b7a41773cce"}
,"C:\\My Files\\CSStuff\\Codes\\Node.js\\vidly\\startup\\logging.js": {"path":"C:\\My Files\\CSStuff\\Codes\\Node.js\\vidly\\startup\\logging.js","statementMap":{"0":{"start":{"line":1,"column":0},"end":{"line":1,"column":32}},"1":{"start":{"line":2,"column":16},"end":{"line":2,"column":34}},"2":{"start":{"line":5,"column":0},"end":{"line":17,"column":2}},"3":{"start":{"line":6,"column":2},"end":{"line":9,"column":4}},"4":{"start":{"line":11,"column":2},"end":{"line":13,"column":5}},"5":{"start":{"line":12,"column":4},"end":{"line":12,"column":13}},"6":{"start":{"line":15,"column":2},"end":{"line":15,"column":68}}},"fnMap":{"0":{"name":"(anonymous_0)","decl":{"start":{"line":5,"column":17},"end":{"line":5,"column":18}},"loc":{"start":{"line":5,"column":29},"end":{"line":17,"column":1}},"line":5},"1":{"name":"(anonymous_1)","decl":{"start":{"line":11,"column":35},"end":{"line":11,"column":36}},"loc":{"start":{"line":11,"column":43},"end":{"line":13,"column":3}},"line":11}},"branchMap":{},"s":{"0":3,"1":3,"2":3,"3":3,"4":3,"5":0,"6":3},"f":{"0":3,"1":0},"b":{},"_coverageSchema":"1a1c01bbd47fc00a2c39e90264f33305004495a9","hash":"3b2f51c0558b63338ea613adf4a7591c41f5bd4b"}
,"C:\\My Files\\CSStuff\\Codes\\Node.js\\vidly\\startup\\prod.js": {"path":"C:\\My Files\\CSStuff\\Codes\\Node.js\\vidly\\startup\\prod.js","statementMap":{"0":{"start":{"line":1,"column":15},"end":{"line":1,"column":32}},"1":{"start":{"line":2,"column":20},"end":{"line":2,"column":42}},"2":{"start":{"line":4,"column":0},"end":{"line":7,"column":2}},"3":{"start":{"line":5,"column":2},"end":{"line":5,"column":20}},"4":{"start":{"line":6,"column":2},"end":{"line":6,"column":25}}},"fnMap":{"0":{"name":"(anonymous_0)","decl":{"start":{"line":4,"column":17},"end":{"line":4,"column":18}},"loc":{"start":{"line":4,"column":32},"end":{"line":7,"column":1}},"line":4}},"branchMap":{},"s":{"0":3,"1":3,"2":3,"3":3,"4":3},"f":{"0":3},"b":{},"_coverageSchema":"1a1c01bbd47fc00a2c39e90264f33305004495a9","hash":"29d1656927cbb7d067cc24267eaa2390c219d742"}
,"C:\\My Files\\CSStuff\\Codes\\Node.js\\vidly\\startup\\routes.js": {"path":"C:\\My Files\\CSStuff\\Codes\\Node.js\\vidly\\startup\\routes.js","statementMap":{"0":{"start":{"line":1,"column":16},"end":{"line":1,"column":34}},"1":{"start":{"line":2,"column":15},"end":{"line":2,"column":42}},"2":{"start":{"line":3,"column":18},"end":{"line":3,"column":48}},"3":{"start":{"line":4,"column":15},"end":{"line":4,"column":42}},"4":{"start":{"line":5,"column":16},"end":{"line":5,"column":44}},"5":{"start":{"line":6,"column":14},"end":{"line":6,"column":40}},"6":{"start":{"line":7,"column":16},"end":{"line":7,"column":44}},"7":{"start":{"line":8,"column":13},"end":{"line":8,"column":38}},"8":{"start":{"line":10,"column":14},"end":{"line":10,"column":44}},"9":{"start":{"line":12,"column":0},"end":{"line":22,"column":2}},"10":{"start":{"line":13,"column":2},"end":{"line":13,"column":26}},"11":{"start":{"line":14,"column":2},"end":{"line":14,"column":33}},"12":{"start":{"line":15,"column":2},"end":{"line":15,"column":39}},"13":{"start":{"line":16,"column":2},"end":{"line":16,"column":33}},"14":{"start":{"line":17,"column":2},"end":{"line":17,"column":35}},"15":{"start":{"line":18,"column":2},"end":{"line":18,"column":31}},"16":{"start":{"line":19,"column":2},"end":{"line":19,"column":29}},"17":{"start":{"line":20,"column":2},"end":{"line":20,"column":35}},"18":{"start":{"line":21,"column":2},"end":{"line":21,"column":17}}},"fnMap":{"0":{"name":"(anonymous_0)","decl":{"start":{"line":12,"column":17},"end":{"line":12,"column":18}},"loc":{"start":{"line":12,"column":32},"end":{"line":22,"column":1}},"line":12}},"branchMap":{},"s":{"0":3,"1":3,"2":3,"3":3,"4":3,"5":3,"6":3,"7":3,"8":3,"9":3,"10":3,"11":3,"12":3,"13":3,"14":3,"15":3,"16":3,"17":3,"18":3},"f":{"0":3},"b":{},"_coverageSchema":"1a1c01bbd47fc00a2c39e90264f33305004495a9","hash":"1c3b93843291be579b4a68af3f8560ffb3743051"}
,"C:\\My Files\\CSStuff\\Codes\\Node.js\\vidly\\startup\\validation.js": {"path":"C:\\My Files\\CSStuff\\Codes\\Node.js\\vidly\\startup\\validation.js","statementMap":{"0":{"start":{"line":1,"column":12},"end":{"line":1,"column":26}},"1":{"start":{"line":3,"column":0},"end":{"line":5,"column":2}},"2":{"start":{"line":4,"column":2},"end":{"line":4,"column":46}}},"fnMap":{"0":{"name":"(anonymous_0)","decl":{"start":{"line":3,"column":17},"end":{"line":3,"column":18}},"loc":{"start":{"line":3,"column":29},"end":{"line":5,"column":1}},"line":3}},"branchMap":{},"s":{"0":3,"1":3,"2":3},"f":{"0":3},"b":{},"_coverageSchema":"1a1c01bbd47fc00a2c39e90264f33305004495a9","hash":"2328f5f0ca048e504f258fdb3aa1792c0aa0b06b"}
}
