TN:
SF:index.js
FN:12,(anonymous_0)
FNF:1
FNH:1
FNDA:3,(anonymous_0)
DA:1,3
DA:2,3
DA:3,3
DA:5,3
DA:6,3
DA:7,3
DA:8,3
DA:9,3
DA:11,3
DA:12,3
DA:13,3
DA:16,3
LF:12
LH:12
BRDA:11,0,0,3
BRDA:11,0,1,3
BRF:2
BRH:2
end_of_record
TN:
SF:middleware\admin.js
FN:1,(anonymous_0)
FNF:1
FNH:1
FNDA:5,(anonymous_0)
DA:1,3
DA:2,5
DA:3,4
LF:3
LH:3
BRDA:2,0,0,1
BRDA:2,0,1,4
BRF:2
BRH:2
end_of_record
TN:
SF:middleware\auth.js
FN:3,(anonymous_0)
FNF:1
FNH:1
FNDA:31,(anonymous_0)
DA:1,4
DA:3,4
DA:4,31
DA:5,31
DA:7,27
DA:8,27
DA:9,26
DA:10,26
DA:12,1
LF:9
LH:9
BRDA:5,0,0,4
BRDA:5,0,1,27
BRF:2
BRH:2
end_of_record
TN:
SF:middleware\error.js
FN:3,(anonymous_0)
FNF:1
FNH:0
FNDA:0,(anonymous_0)
DA:1,3
DA:3,3
DA:4,0
DA:5,0
LF:4
LH:2
BRF:0
BRH:0
end_of_record
TN:
SF:middleware\validate.js
FN:1,(anonymous_0)
FN:2,(anonymous_1)
FNF:2
FNH:2
FNDA:30,(anonymous_0)
FNDA:19,(anonymous_1)
DA:1,3
DA:2,30
DA:3,19
DA:4,19
DA:5,13
LF:5
LH:5
BRDA:4,0,0,6
BRDA:4,0,1,13
BRF:2
BRH:2
end_of_record
TN:
SF:middleware\validateObjectId.js
FN:3,(anonymous_0)
FNF:1
FNH:1
FNDA:13,(anonymous_0)
DA:1,3
DA:3,3
DA:4,13
DA:5,3
DA:7,10
LF:5
LH:5
BRDA:4,0,0,3
BRDA:4,0,1,10
BRF:2
BRH:2
end_of_record
TN:
SF:models\customer.js
FN:26,validateCustomer
FNF:1
FNH:0
FNDA:0,validateCustomer
DA:1,3
DA:2,3
DA:4,3
DA:27,0
DA:33,0
DA:36,3
DA:37,3
LF:7
LH:5
BRF:0
BRH:0
end_of_record
TN:
SF:models\genre.js
FN:15,validateGenre
FNF:1
FNH:1
FNDA:10,validateGenre
DA:1,3
DA:2,3
DA:4,3
DA:13,3
DA:16,10
DA:20,10
DA:23,3
DA:24,3
DA:25,3
LF:9
LH:9
BRF:0
BRH:0
end_of_record
TN:
SF:models\movie.js
FN:31,validateMovie
FNF:1
FNH:0
FNDA:0,validateMovie
DA:1,3
DA:2,3
DA:3,3
DA:5,3
DA:32,0
DA:39,0
DA:42,3
DA:43,3
LF:8
LH:6
BRF:0
BRH:0
end_of_record
TN:
SF:models\rental.js
FN:59,(anonymous_0)
FN:66,(anonymous_1)
FN:75,validateRental
FNF:3
FNH:2
FNDA:7,(anonymous_0)
FNDA:5,(anonymous_1)
FNDA:0,validateRental
DA:1,3
DA:2,3
DA:3,3
DA:5,3
DA:59,3
DA:60,7
DA:66,3
DA:67,5
DA:69,5
DA:70,5
DA:73,3
DA:76,0
DA:81,0
DA:84,3
DA:85,3
LF:15
LH:13
BRF:0
BRH:0
end_of_record
TN:
SF:models\user.js
FN:30,(anonymous_0)
FN:40,validateUser
FNF:2
FNH:1
FNDA:34,(anonymous_0)
FNDA:0,validateUser
DA:1,5
DA:2,5
DA:3,5
DA:5,5
DA:30,5
DA:31,34
DA:35,34
DA:38,5
DA:41,0
DA:47,0
DA:50,5
DA:51,5
LF:12
LH:10
BRF:0
BRH:0
end_of_record
TN:
SF:routes\auth.js
FN:10,(anonymous_0)
FN:21,validateAuth
FNF:2
FNH:0
FNDA:0,(anonymous_0)
FNDA:0,validateAuth
DA:1,3
DA:2,3
DA:3,3
DA:4,3
DA:5,3
DA:6,3
DA:7,3
DA:8,3
DA:10,3
DA:11,0
DA:12,0
DA:14,0
DA:15,0
DA:17,0
DA:18,0
DA:22,0
DA:27,0
DA:30,3
LF:18
LH:10
BRDA:12,0,0,0
BRDA:12,0,1,0
BRDA:15,1,0,0
BRDA:15,1,1,0
BRF:4
BRH:0
end_of_record
TN:
SF:routes\customers.js
FN:7,(anonymous_0)
FN:12,(anonymous_1)
FN:23,(anonymous_2)
FN:42,(anonymous_3)
FN:53,(anonymous_4)
FNF:5
FNH:0
FNDA:0,(anonymous_0)
FNDA:0,(anonymous_1)
FNDA:0,(anonymous_2)
FNDA:0,(anonymous_3)
FNDA:0,(anonymous_4)
DA:1,3
DA:2,3
DA:3,3
DA:4,3
DA:5,3
DA:7,3
DA:8,0
DA:9,0
DA:12,3
DA:13,0
DA:18,0
DA:20,0
DA:23,3
DA:24,0
DA:34,0
DA:35,0
DA:39,0
DA:42,3
DA:43,0
DA:45,0
DA:46,0
DA:50,0
DA:53,3
DA:54,0
DA:56,0
DA:57,0
DA:61,0
DA:64,3
LF:28
LH:11
BRDA:34,0,0,0
BRDA:34,0,1,0
BRDA:45,1,0,0
BRDA:45,1,1,0
BRDA:56,2,0,0
BRDA:56,2,1,0
BRF:6
BRH:0
end_of_record
TN:
SF:routes\genres.js
FN:10,(anonymous_0)
FN:15,(anonymous_1)
FN:25,(anonymous_2)
FN:41,(anonymous_3)
FN:50,(anonymous_4)
FNF:5
FNH:5
FNDA:1,(anonymous_0)
FNDA:3,(anonymous_1)
FNDA:3,(anonymous_2)
FNDA:3,(anonymous_3)
FNDA:2,(anonymous_4)
DA:1,3
DA:2,3
DA:3,3
DA:4,3
DA:5,3
DA:6,3
DA:7,3
DA:8,3
DA:10,3
DA:11,1
DA:12,1
DA:15,3
DA:16,3
DA:17,3
DA:19,3
DA:22,3
DA:26,3
DA:34,3
DA:35,1
DA:37,2
DA:41,3
DA:42,3
DA:44,3
DA:45,1
DA:47,2
DA:50,3
DA:51,2
DA:53,2
DA:54,1
DA:56,1
DA:59,3
LF:31
LH:31
BRDA:34,0,0,1
BRDA:34,0,1,2
BRDA:44,1,0,1
BRDA:44,1,1,2
BRDA:53,2,0,1
BRDA:53,2,1,1
BRF:6
BRH:6
end_of_record
TN:
SF:routes\movies.js
FN:8,(anonymous_0)
FN:13,(anonymous_1)
FN:31,(anonymous_2)
FN:55,(anonymous_3)
FN:64,(anonymous_4)
FNF:5
FNH:0
FNDA:0,(anonymous_0)
FNDA:0,(anonymous_1)
FNDA:0,(anonymous_2)
FNDA:0,(anonymous_3)
FNDA:0,(anonymous_4)
DA:1,3
DA:2,3
DA:3,3
DA:4,3
DA:5,3
DA:6,3
DA:8,3
DA:9,0
DA:10,0
DA:13,3
DA:14,0
DA:15,0
DA:17,0
DA:26,0
DA:28,0
DA:31,3
DA:32,0
DA:33,0
DA:35,0
DA:49,0
DA:50,0
DA:52,0
DA:55,3
DA:56,0
DA:58,0
DA:59,0
DA:61,0
DA:64,3
DA:65,0
DA:67,0
DA:68,0
DA:70,0
DA:73,3
LF:33
LH:12
BRDA:15,0,0,0
BRDA:15,0,1,0
BRDA:33,1,0,0
BRDA:33,1,1,0
BRDA:49,2,0,0
BRDA:49,2,1,0
BRDA:58,3,0,0
BRDA:58,3,1,0
BRDA:67,4,0,0
BRDA:67,4,1,0
BRF:10
BRH:0
end_of_record
TN:
SF:routes\rentals.js
FN:12,(anonymous_0)
FN:17,(anonymous_1)
FN:58,(anonymous_2)
FNF:3
FNH:0
FNDA:0,(anonymous_0)
FNDA:0,(anonymous_1)
FNDA:0,(anonymous_2)
DA:1,3
DA:2,3
DA:3,3
DA:4,3
DA:5,3
DA:6,3
DA:7,3
DA:8,3
DA:10,3
DA:12,3
DA:13,0
DA:14,0
DA:17,3
DA:18,0
DA:19,0
DA:21,0
DA:22,0
DA:24,0
DA:25,0
DA:27,0
DA:40,0
DA:41,0
DA:52,0
DA:54,0
DA:58,3
DA:59,0
DA:61,0
DA:62,0
DA:64,0
DA:67,3
LF:30
LH:13
BRDA:19,0,0,0
BRDA:19,0,1,0
BRDA:22,1,0,0
BRDA:22,1,1,0
BRDA:24,2,0,0
BRDA:24,2,1,0
BRDA:61,3,0,0
BRDA:61,3,1,0
BRF:8
BRH:0
end_of_record
TN:
SF:routes\returns.js
FN:9,(anonymous_0)
FN:30,validateReturn
FNF:2
FNH:2
FNDA:7,(anonymous_0)
FNDA:9,validateReturn
DA:1,3
DA:2,3
DA:3,3
DA:4,3
DA:5,3
DA:6,3
DA:7,3
DA:9,3
DA:10,7
DA:12,7
DA:14,6
DA:15,1
DA:17,5
DA:18,5
DA:20,5
DA:27,5
DA:31,9
DA:36,9
DA:39,3
LF:19
LH:19
BRDA:12,0,0,1
BRDA:12,0,1,6
BRDA:14,1,0,1
BRDA:14,1,1,5
BRF:4
BRH:4
end_of_record
TN:
SF:routes\users.js
FN:10,(anonymous_0)
FN:15,(anonymous_1)
FNF:2
FNH:0
FNDA:0,(anonymous_0)
FNDA:0,(anonymous_1)
DA:1,3
DA:2,3
DA:3,3
DA:4,3
DA:5,3
DA:6,3
DA:7,3
DA:8,3
DA:10,3
DA:11,0
DA:12,0
DA:15,3
DA:16,0
DA:17,0
DA:19,0
DA:20,0
DA:21,0
DA:22,0
DA:24,0
DA:25,0
DA:30,3
LF:21
LH:11
BRDA:17,0,0,0
BRDA:17,0,1,0
BRF:2
BRH:0
end_of_record
TN:
SF:startup\db.js
FN:4,(anonymous_0)
FN:11,(anonymous_1)
FNF:2
FNH:2
FNDA:3,(anonymous_0)
FNDA:3,(anonymous_1)
DA:1,3
DA:2,3
DA:4,3
DA:5,3
DA:11,3
LF:5
LH:5
BRF:0
BRH:0
end_of_record
TN:
SF:startup\logging.js
FN:5,(anonymous_0)
FN:11,(anonymous_1)
FNF:2
FNH:1
FNDA:3,(anonymous_0)
FNDA:0,(anonymous_1)
DA:1,3
DA:2,3
DA:5,3
DA:6,3
DA:11,3
DA:12,0
DA:15,3
LF:7
LH:6
BRF:0
BRH:0
end_of_record
TN:
SF:startup\prod.js
FN:4,(anonymous_0)
FNF:1
FNH:1
FNDA:3,(anonymous_0)
DA:1,3
DA:2,3
DA:4,3
DA:5,3
DA:6,3
LF:5
LH:5
BRF:0
BRH:0
end_of_record
TN:
SF:startup\routes.js
FN:12,(anonymous_0)
FNF:1
FNH:1
FNDA:3,(anonymous_0)
DA:1,3
DA:2,3
DA:3,3
DA:4,3
DA:5,3
DA:6,3
DA:7,3
DA:8,3
DA:10,3
DA:12,3
DA:13,3
DA:14,3
DA:15,3
DA:16,3
DA:17,3
DA:18,3
DA:19,3
DA:20,3
DA:21,3
LF:19
LH:19
BRF:0
BRH:0
end_of_record
TN:
SF:startup\validation.js
FN:3,(anonymous_0)
FNF:1
FNH:1
FNDA:3,(anonymous_0)
DA:1,3
DA:3,3
DA:4,3
LF:3
LH:3
BRF:0
BRH:0
end_of_record
